--------------------------------------------------------------------------
By default, for Open MPI 4.0 and later, infiniband ports on a device
are not used by default.  The intent is to use UCX for these devices.
You can override this policy by setting the btl_openib_allow_ib MCA parameter
to true.

  Local host:              n3883
  Local adapter:           mlx5_0
  Local port:              1

--------------------------------------------------------------------------
--------------------------------------------------------------------------
WARNING: There was an error initializing an OpenFabrics device.

  Local host:   n3883
  Local device: mlx5_0
--------------------------------------------------------------------------
[n3883.occigen:32396] 5 more processes have sent help message help-mpi-btl-openib.txt / ib port not selected
[n3883.occigen:32396] Set MCA parameter "orte_base_help_aggregate" to 0 to see all help / error messages
[n3883.occigen:32396] 5 more processes have sent help message help-mpi-btl-openib.txt / error in device init
--------------------------------------------------------------------------
By default, for Open MPI 4.0 and later, infiniband ports on a device
are not used by default.  The intent is to use UCX for these devices.
You can override this policy by setting the btl_openib_allow_ib MCA parameter
to true.

  Local host:              n3883
  Local adapter:           mlx5_0
  Local port:              1

--------------------------------------------------------------------------
--------------------------------------------------------------------------
WARNING: There was an error initializing an OpenFabrics device.

  Local host:   n3883
  Local device: mlx5_0
--------------------------------------------------------------------------
[n3883.occigen:32431] 5 more processes have sent help message help-mpi-btl-openib.txt / ib port not selected
[n3883.occigen:32431] Set MCA parameter "orte_base_help_aggregate" to 0 to see all help / error messages
[n3883.occigen:32431] 5 more processes have sent help message help-mpi-btl-openib.txt / error in device init
--------------------------------------------------------------------------
By default, for Open MPI 4.0 and later, infiniband ports on a device
are not used by default.  The intent is to use UCX for these devices.
You can override this policy by setting the btl_openib_allow_ib MCA parameter
to true.

  Local host:              n3883
  Local adapter:           mlx5_0
  Local port:              1

--------------------------------------------------------------------------
--------------------------------------------------------------------------
WARNING: There was an error initializing an OpenFabrics device.

  Local host:   n3883
  Local device: mlx5_0
--------------------------------------------------------------------------
[n3883.occigen:32484] 5 more processes have sent help message help-mpi-btl-openib.txt / ib port not selected
[n3883.occigen:32484] Set MCA parameter "orte_base_help_aggregate" to 0 to see all help / error messages
[n3883.occigen:32484] 5 more processes have sent help message help-mpi-btl-openib.txt / error in device init
--------------------------------------------------------------------------
By default, for Open MPI 4.0 and later, infiniband ports on a device
are not used by default.  The intent is to use UCX for these devices.
You can override this policy by setting the btl_openib_allow_ib MCA parameter
to true.

  Local host:              n3883
  Local adapter:           mlx5_0
  Local port:              1

--------------------------------------------------------------------------
--------------------------------------------------------------------------
WARNING: There was an error initializing an OpenFabrics device.

  Local host:   n3883
  Local device: mlx5_0
--------------------------------------------------------------------------
[n3883.occigen:32849] 5 more processes have sent help message help-mpi-btl-openib.txt / ib port not selected
[n3883.occigen:32849] Set MCA parameter "orte_base_help_aggregate" to 0 to see all help / error messages
[n3883.occigen:32849] 5 more processes have sent help message help-mpi-btl-openib.txt / error in device init
